<?xml version="1.0" encoding="UTF-8"?>
<testng-results ignored="0" total="5" passed="4" failed="1" skipped="0">
  <reporter-output>
  </reporter-output>
  <suite started-at="2024-03-03T16:49:34 IST" name="Suite" finished-at="2024-03-03T16:49:49 IST" duration-ms="15595">
    <groups>
    </groups>
    <test started-at="2024-03-03T16:49:34 IST" name="Test" finished-at="2024-03-03T16:49:49 IST" duration-ms="15595">
      <class name="qa.PracticeSite1TestExcel">
        <test-method is-config="true" signature="setUp()[pri:0, instance:qa.PracticeSite1TestExcel@1b7cc17c]" started-at="2024-03-03T16:49:34 IST" name="setUp" finished-at="2024-03-03T16:49:42 IST" duration-ms="7685" status="PASS">
          <reporter-output>
          </reporter-output>
        </test-method> <!-- setUp -->
        <test-method signature="validateForm()[pri:0, instance:qa.PracticeSite1TestExcel@1b7cc17c]" started-at="2024-03-03T16:49:42 IST" name="validateForm" finished-at="2024-03-03T16:49:42 IST" duration-ms="25" status="PASS">
          <reporter-output>
          </reporter-output>
        </test-method> <!-- validateForm -->
        <test-method signature="validateTitle()[pri:1, instance:qa.PracticeSite1TestExcel@1b7cc17c]" started-at="2024-03-03T16:49:42 IST" name="validateTitle" finished-at="2024-03-03T16:49:42 IST" duration-ms="25" status="PASS">
          <reporter-output>
          </reporter-output>
        </test-method> <!-- validateTitle -->
        <test-method signature="fillFormData(java.lang.String,java.lang.String,java.lang.String,java.lang.String,java.lang.String,java.lang.String,java.lang.String)[pri:2, instance:qa.PracticeSite1TestExcel@1b7cc17c]" started-at="2024-03-03T16:49:43 IST" name="fillFormData" data-provider="getCRMTestData" finished-at="2024-03-03T16:49:44 IST" duration-ms="980" status="PASS">
          <params>
            <param index="0">
              <value>
                <![CDATA[aishwarya]]>
              </value>
            </param>
            <param index="1">
              <value>
                <![CDATA[123455666]]>
              </value>
            </param>
            <param index="2">
              <value>
                <![CDATA[aish@yahoo]]>
              </value>
            </param>
            <param index="3">
              <value>
                <![CDATA[Malta]]>
              </value>
            </param>
            <param index="4">
              <value>
                <![CDATA[Mangalore]]>
              </value>
            </param>
            <param index="5">
              <value>
                <![CDATA[AISH]]>
              </value>
            </param>
            <param index="6">
              <value>
                <![CDATA[142663.0]]>
              </value>
            </param>
          </params>
          <reporter-output>
          </reporter-output>
        </test-method> <!-- fillFormData -->
        <test-method signature="validateSubmit()[pri:3, instance:qa.PracticeSite1TestExcel@1b7cc17c]" started-at="2024-03-03T16:49:44 IST" name="validateSubmit" finished-at="2024-03-03T16:49:49 IST" duration-ms="5097" status="PASS">
          <reporter-output>
          </reporter-output>
        </test-method> <!-- validateSubmit -->
        <test-method signature="validateAlert()[pri:4, instance:qa.PracticeSite1TestExcel@1b7cc17c]" started-at="2024-03-03T16:49:49 IST" name="validateAlert" finished-at="2024-03-03T16:49:49 IST" duration-ms="58" status="FAIL">
          <exception class="java.lang.AssertionError">
            <message>
              <![CDATA[expected [This is just a dummy form, you just clicked SUBMIT BUTTON] but found []]]>
            </message>
            <full-stacktrace>
              <![CDATA[java.lang.AssertionError: expected [This is just a dummy form, you just clicked SUBMIT BUTTON] but found []
at org.testng.Assert.fail(Assert.java:111)
at org.testng.Assert.failNotEquals(Assert.java:1578)
at org.testng.Assert.assertEqualsImpl(Assert.java:150)
at org.testng.Assert.assertEquals(Assert.java:132)
at org.testng.Assert.assertEquals(Assert.java:656)
at org.testng.Assert.assertEquals(Assert.java:666)
at qa.PracticeSite1TestExcel.validateAlert(PracticeSite1TestExcel.java:81)
at java.base/jdk.internal.reflect.DirectMethodHandleAccessor.invoke(DirectMethodHandleAccessor.java:103)
at java.base/java.lang.reflect.Method.invoke(Method.java:580)
at org.testng.internal.invokers.MethodInvocationHelper.invokeMethod(MethodInvocationHelper.java:139)
at org.testng.internal.invokers.TestInvoker.invokeMethod(TestInvoker.java:664)
at org.testng.internal.invokers.TestInvoker.invokeTestMethod(TestInvoker.java:228)
at org.testng.internal.invokers.MethodRunner.runInSequence(MethodRunner.java:63)
at org.testng.internal.invokers.TestInvoker$MethodInvocationAgent.invoke(TestInvoker.java:961)
at org.testng.internal.invokers.TestInvoker.invokeTestMethods(TestInvoker.java:201)
at org.testng.internal.invokers.TestMethodWorker.invokeTestMethods(TestMethodWorker.java:148)
at org.testng.internal.invokers.TestMethodWorker.run(TestMethodWorker.java:128)
at java.base/java.util.ArrayList.forEach(ArrayList.java:1596)
at org.testng.TestRunner.privateRun(TestRunner.java:819)
at org.testng.TestRunner.run(TestRunner.java:619)
at org.testng.SuiteRunner.runTest(SuiteRunner.java:443)
at org.testng.SuiteRunner.runSequentially(SuiteRunner.java:437)
at org.testng.SuiteRunner.privateRun(SuiteRunner.java:397)
at org.testng.SuiteRunner.run(SuiteRunner.java:336)
at org.testng.SuiteRunnerWorker.runSuite(SuiteRunnerWorker.java:52)
at org.testng.SuiteRunnerWorker.run(SuiteRunnerWorker.java:95)
at org.testng.TestNG.runSuitesSequentially(TestNG.java:1301)
at org.testng.TestNG.runSuitesLocally(TestNG.java:1228)
at org.testng.TestNG.runSuites(TestNG.java:1134)
at org.testng.TestNG.run(TestNG.java:1101)
at org.apache.maven.surefire.testng.TestNGExecutor.run(TestNGExecutor.java:308)
at org.apache.maven.surefire.testng.TestNGXmlTestSuite.execute(TestNGXmlTestSuite.java:71)
at org.apache.maven.surefire.testng.TestNGProvider.invoke(TestNGProvider.java:113)
at org.apache.maven.surefire.booter.ForkedBooter.runSuitesInProcess(ForkedBooter.java:385)
at org.apache.maven.surefire.booter.ForkedBooter.execute(ForkedBooter.java:162)
at org.apache.maven.surefire.booter.ForkedBooter.run(ForkedBooter.java:507)
at org.apache.maven.surefire.booter.ForkedBooter.main(ForkedBooter.java:495)
]]>
            </full-stacktrace>
          </exception> <!-- java.lang.AssertionError -->
          <reporter-output>
          </reporter-output>
        </test-method> <!-- validateAlert -->
      </class> <!-- qa.PracticeSite1TestExcel -->
    </test> <!-- Test -->
  </suite> <!-- Suite -->
</testng-results>
